Determining if the pthread_create exist failed with the following output:
Change Dir: /home/transfer/language_deformable/PyFlex/bindings/build/CMakeFiles/CMakeTmp

Run Build Command(s):/usr/bin/make cmTC_df303/fast 
/usr/bin/make -f CMakeFiles/cmTC_df303.dir/build.make CMakeFiles/cmTC_df303.dir/build
make[1]: Entering directory '/home/transfer/language_deformable/PyFlex/bindings/build/CMakeFiles/CMakeTmp'
Building C object CMakeFiles/cmTC_df303.dir/CheckSymbolExists.c.o
/usr/bin/cc   -fPIC    -o CMakeFiles/cmTC_df303.dir/CheckSymbolExists.c.o   -c /home/transfer/language_deformable/PyFlex/bindings/build/CMakeFiles/CMakeTmp/CheckSymbolExists.c
Linking C executable cmTC_df303
/home/transfer/anaconda3/envs/softgym/bin/cmake -E cmake_link_script CMakeFiles/cmTC_df303.dir/link.txt --verbose=1
/usr/bin/cc -fPIC     CMakeFiles/cmTC_df303.dir/CheckSymbolExists.c.o  -o cmTC_df303 
CMakeFiles/cmTC_df303.dir/CheckSymbolExists.c.o: In function `main':
CheckSymbolExists.c:(.text+0x1b): undefined reference to `pthread_create'
collect2: error: ld returned 1 exit status
CMakeFiles/cmTC_df303.dir/build.make:86: recipe for target 'cmTC_df303' failed
make[1]: *** [cmTC_df303] Error 1
make[1]: Leaving directory '/home/transfer/language_deformable/PyFlex/bindings/build/CMakeFiles/CMakeTmp'
Makefile:121: recipe for target 'cmTC_df303/fast' failed
make: *** [cmTC_df303/fast] Error 2

File /home/transfer/language_deformable/PyFlex/bindings/build/CMakeFiles/CMakeTmp/CheckSymbolExists.c:
/* */
#include <pthread.h>

int main(int argc, char** argv)
{
  (void)argv;
#ifndef pthread_create
  return ((int*)(&pthread_create))[argc];
#else
  (void)argc;
  return 0;
#endif
}

Determining if the function pthread_create exists in the pthreads failed with the following output:
Change Dir: /home/transfer/language_deformable/PyFlex/bindings/build/CMakeFiles/CMakeTmp

Run Build Command(s):/usr/bin/make cmTC_73913/fast 
/usr/bin/make -f CMakeFiles/cmTC_73913.dir/build.make CMakeFiles/cmTC_73913.dir/build
make[1]: Entering directory '/home/transfer/language_deformable/PyFlex/bindings/build/CMakeFiles/CMakeTmp'
Building C object CMakeFiles/cmTC_73913.dir/CheckFunctionExists.c.o
/usr/bin/cc   -fPIC -DCHECK_FUNCTION_EXISTS=pthread_create   -o CMakeFiles/cmTC_73913.dir/CheckFunctionExists.c.o   -c /home/transfer/anaconda3/envs/softgym/share/cmake-3.14/Modules/CheckFunctionExists.c
Linking C executable cmTC_73913
/home/transfer/anaconda3/envs/softgym/bin/cmake -E cmake_link_script CMakeFiles/cmTC_73913.dir/link.txt --verbose=1
/usr/bin/cc -fPIC -DCHECK_FUNCTION_EXISTS=pthread_create    CMakeFiles/cmTC_73913.dir/CheckFunctionExists.c.o  -o cmTC_73913 -lpthreads 
/usr/bin/ld: cannot find -lpthreads
collect2: error: ld returned 1 exit status
CMakeFiles/cmTC_73913.dir/build.make:86: recipe for target 'cmTC_73913' failed
make[1]: *** [cmTC_73913] Error 1
make[1]: Leaving directory '/home/transfer/language_deformable/PyFlex/bindings/build/CMakeFiles/CMakeTmp'
Makefile:121: recipe for target 'cmTC_73913/fast' failed
make: *** [cmTC_73913/fast] Error 2


